Mai 23, 2016 7:30:01 PM at.plakolb.controller.MainFormController loadFxmlIntoPane
SCHWERWIEGEND: Couldn't load fxml file into pane.
javafx.fxml.LoadException: 
/C:/Users/Simon/Documents/GitHub/2016_3CHIF_OnTopCalc/ApplicationGuiMainForm/target/classes/fxml/Project_ResultArea.fxml
/C:/Users/Simon/Documents/GitHub/2016_3CHIF_OnTopCalc/ApplicationGuiMainForm/target/classes/fxml/ProjectView.fxml:77

	at javafx.fxml.FXMLLoader.constructLoadException(FXMLLoader.java:2605)
	at javafx.fxml.FXMLLoader.loadImpl(FXMLLoader.java:2583)
	at javafx.fxml.FXMLLoader.loadImpl(FXMLLoader.java:2445)
	at javafx.fxml.FXMLLoader.access$2700(FXMLLoader.java:104)
	at javafx.fxml.FXMLLoader$IncludeElement.constructValue(FXMLLoader.java:1139)
	at javafx.fxml.FXMLLoader$ValueElement.processStartElement(FXMLLoader.java:742)
	at javafx.fxml.FXMLLoader.processStartElement(FXMLLoader.java:2711)
	at javafx.fxml.FXMLLoader.loadImpl(FXMLLoader.java:2531)
	at javafx.fxml.FXMLLoader.loadImpl(FXMLLoader.java:2445)
	at javafx.fxml.FXMLLoader.loadImpl(FXMLLoader.java:3218)
	at javafx.fxml.FXMLLoader.loadImpl(FXMLLoader.java:3179)
	at javafx.fxml.FXMLLoader.loadImpl(FXMLLoader.java:3152)
	at javafx.fxml.FXMLLoader.loadImpl(FXMLLoader.java:3128)
	at javafx.fxml.FXMLLoader.loadImpl(FXMLLoader.java:3108)
	at javafx.fxml.FXMLLoader.load(FXMLLoader.java:3101)
	at at.plakolb.controller.MainFormController.loadFxmlIntoPane(MainFormController.java:104)
	at at.plakolb.controller.MainFormController.lambda$initialize$126(MainFormController.java:61)
	at at.plakolb.controller.MainFormController$$Lambda$78/1920367678.handle(Unknown Source)
	at com.sun.javafx.event.CompositeEventHandler.dispatchBubblingEvent(CompositeEventHandler.java:86)
	at com.sun.javafx.event.EventHandlerManager.dispatchBubblingEvent(EventHandlerManager.java:238)
	at com.sun.javafx.event.EventHandlerManager.dispatchBubblingEvent(EventHandlerManager.java:191)
	at com.sun.javafx.event.BasicEventDispatcher.dispatchEvent(BasicEventDispatcher.java:58)
	at com.sun.javafx.event.EventDispatchChainImpl.dispatchEvent(EventDispatchChainImpl.java:114)
	at com.sun.javafx.event.EventUtil.fireEventImpl(EventUtil.java:74)
	at com.sun.javafx.event.EventUtil.fireEvent(EventUtil.java:49)
	at javafx.event.Event.fireEvent(Event.java:198)
	at javafx.scene.control.MenuItem.fire(MenuItem.java:462)
	at com.sun.javafx.scene.control.skin.ContextMenuContent$MenuItemContainer.doSelect(ContextMenuContent.java:1405)
	at com.sun.javafx.scene.control.skin.ContextMenuContent$MenuItemContainer.lambda$createChildren$341(ContextMenuContent.java:1358)
	at com.sun.javafx.scene.control.skin.ContextMenuContent$MenuItemContainer$$Lambda$195/1569910385.handle(Unknown Source)
	at com.sun.javafx.event.CompositeEventHandler$NormalEventHandlerRecord.handleBubblingEvent(CompositeEventHandler.java:218)
	at com.sun.javafx.event.CompositeEventHandler.dispatchBubblingEvent(CompositeEventHandler.java:80)
	at com.sun.javafx.event.EventHandlerManager.dispatchBubblingEvent(EventHandlerManager.java:238)
	at com.sun.javafx.event.EventHandlerManager.dispatchBubblingEvent(EventHandlerManager.java:191)
	at com.sun.javafx.event.CompositeEventDispatcher.dispatchBubblingEvent(CompositeEventDispatcher.java:59)
	at com.sun.javafx.event.BasicEventDispatcher.dispatchEvent(BasicEventDispatcher.java:58)
	at com.sun.javafx.event.EventDispatchChainImpl.dispatchEvent(EventDispatchChainImpl.java:114)
	at com.sun.javafx.event.BasicEventDispatcher.dispatchEvent(BasicEventDispatcher.java:56)
	at com.sun.javafx.event.EventDispatchChainImpl.dispatchEvent(EventDispatchChainImpl.java:114)
	at com.sun.javafx.event.BasicEventDispatcher.dispatchEvent(BasicEventDispatcher.java:56)
	at com.sun.javafx.event.EventDispatchChainImpl.dispatchEvent(EventDispatchChainImpl.java:114)
	at com.sun.javafx.event.BasicEventDispatcher.dispatchEvent(BasicEventDispatcher.java:56)
	at com.sun.javafx.event.EventDispatchChainImpl.dispatchEvent(EventDispatchChainImpl.java:114)
	at com.sun.javafx.event.EventUtil.fireEventImpl(EventUtil.java:74)
	at com.sun.javafx.event.EventUtil.fireEvent(EventUtil.java:54)
	at javafx.event.Event.fireEvent(Event.java:198)
	at javafx.scene.Scene$MouseHandler.process(Scene.java:3758)
	at javafx.scene.Scene$MouseHandler.access$1500(Scene.java:3486)
	at javafx.scene.Scene.impl_processMouseEvent(Scene.java:1762)
	at javafx.scene.Scene$ScenePeerListener.mouseEvent(Scene.java:2495)
	at com.sun.javafx.tk.quantum.GlassViewEventHandler$MouseEventNotification.run(GlassViewEventHandler.java:350)
	at com.sun.javafx.tk.quantum.GlassViewEventHandler$MouseEventNotification.run(GlassViewEventHandler.java:275)
	at java.security.AccessController.doPrivileged(Native Method)
	at com.sun.javafx.tk.quantum.GlassViewEventHandler.lambda$handleMouseEvent$350(GlassViewEventHandler.java:385)
	at com.sun.javafx.tk.quantum.GlassViewEventHandler$$Lambda$169/1410651553.get(Unknown Source)
	at com.sun.javafx.tk.quantum.QuantumToolkit.runWithoutRenderLock(QuantumToolkit.java:404)
	at com.sun.javafx.tk.quantum.GlassViewEventHandler.handleMouseEvent(GlassViewEventHandler.java:384)
	at com.sun.glass.ui.View.handleMouseEvent(View.java:555)
	at com.sun.glass.ui.View.notifyMouse(View.java:927)
	at com.sun.glass.ui.win.WinApplication._runLoop(Native Method)
	at com.sun.glass.ui.win.WinApplication.lambda$null$145(WinApplication.java:101)
	at com.sun.glass.ui.win.WinApplication$$Lambda$38/597275922.run(Unknown Source)
	at java.lang.Thread.run(Thread.java:745)
Caused by: java.lang.NullPointerException
	at at.plakolb.calculationlogic.entity.Worth.<init>(Worth.java:38)
	at at.plakolb.controller.Project_ResultAreaController.initialize(Project_ResultAreaController.java:77)
	at javafx.fxml.FXMLLoader.loadImpl(FXMLLoader.java:2552)
	... 61 more

